
> frontend@0.0.0 dev
> vite


  VITE v7.2.2  ready in 137 ms

  ➜  Local:   http://localhost:5173/
  ➜  Network: use --host to expose
12:29:53 AM [vite] (client) hmr update /src/index.css, /src/components/FeedbackPanel.jsx
12:30:54 AM [vite] (client) hmr update /src/index.css, /src/components/FeedbackPanel.jsx
12:31:47 AM [vite] (client) hmr update /src/index.css, /src/components/FeedbackPanel.jsx
12:33:49 AM [vite] (client) hmr update /src/index.css, /src/components/FeedbackPanel.jsx
12:35:12 AM [vite] (client) hmr update /src/index.css, /src/components/FeedbackPanel.jsx
12:35:17 AM [vite] (client) hmr update /src/index.css, /src/components/FeedbackPanel.jsx
12:36:05 AM [vite] (client) hmr update /src/index.css, /src/components/FeedbackPanel.jsx
1:09:25 AM [vite] (client) hmr update /src/pages/Loading.jsx, /src/index.css
1:09:58 AM [vite] (client) hmr update /src/pages/Loading.jsx, /src/index.css
1:10:05 AM [vite] (client) hmr update /src/pages/Loading.jsx, /src/index.css
1:11:13 AM [vite] (client) hmr update /src/pages/Loading.jsx, /src/index.css
1:11:39 AM [vite] (client) hmr update /src/pages/Loading.jsx, /src/index.css
1:39:02 AM [vite] (client) hmr update /src/pages/Loading.jsx, /src/index.css
1:39:18 AM [vite] (client) hmr update /src/pages/Loading.jsx, /src/index.css
1:39:26 AM [vite] (client) hmr update /src/pages/Loading.jsx, /src/index.css
1:48:19 AM [vite] (client) hmr update /src/index.css, /src/components/FeedbackPanel.jsx
1:48:41 AM [vite] (client) hmr update /src/index.css, /src/components/FeedbackPanel.jsx
1:48:46 AM [vite] (client) hmr update /src/index.css, /src/components/FeedbackPanel.jsx
1:49:09 AM [vite] (client) hmr update /src/index.css, /src/components/FeedbackPanel.jsx
1:49:27 AM [vite] (client) hmr update /src/index.css, /src/components/FeedbackPanel.jsx
1:49:44 AM [vite] (client) hmr update /src/index.css, /src/components/FeedbackPanel.jsx
1:49:47 AM [vite] (client) hmr update /src/index.css, /src/components/FeedbackPanel.jsx
1:51:32 AM [vite] (client) hmr update /src/index.css, /src/components/FeedbackPanel.jsx
1:52:06 AM [vite] (client) hmr update /src/index.css, /src/components/FeedbackPanel.jsx
1:53:12 AM [vite] (client) hmr update /src/pages/Results.jsx, /src/index.css
1:54:08 AM [vite] (client) hmr update /src/pages/Results.jsx, /src/index.css
1:55:37 AM [vite] (client) hmr update /src/index.css, /src/components/FeedbackPanel.jsx
1:56:00 AM [vite] (client) hmr update /src/pages/Results.jsx, /src/index.css
1:56:00 AM [vite] (client) hmr update /src/index.css, /src/components/FeedbackPanel.jsx
1:59:49 AM [vite] (client) hmr update /src/index.css, /src/components/FeedbackPanel.jsx
2:00:10 AM [vite] (client) hmr update /src/index.css, /src/components/FeedbackPanel.jsx
2:00:19 AM [vite] (client) hmr update /src/index.css, /src/components/FeedbackPanel.jsx
2:00:19 AM [vite] (client) hmr update /src/pages/Results.jsx, /src/index.css
2:04:25 AM [vite] (client) hmr update /src/index.css, /src/components/FeedbackPanel.jsx
2:04:29 AM [vite] (client) hmr update /src/index.css, /src/components/FeedbackPanel.jsx
2:04:56 AM [vite] (client) hmr update /src/index.css, /src/components/FeedbackPanel.jsx
2:05:22 AM [vite] (client) hmr update /src/index.css, /src/components/FeedbackPanel.jsx
2:05:30 AM [vite] (client) hmr update /src/index.css, /src/components/FeedbackPanel.jsx
2:05:46 AM [vite] (client) hmr update /src/index.css, /src/components/FeedbackPanel.jsx
2:06:07 AM [vite] (client) hmr update /src/index.css, /src/components/FeedbackPanel.jsx
2:06:22 AM [vite] (client) hmr update /src/index.css, /src/components/FeedbackPanel.jsx
2:06:22 AM [vite] (client) hmr update /src/index.css, /src/components/FeedbackPanel.jsx
2:06:26 AM [vite] (client) hmr update /src/index.css, /src/components/FeedbackPanel.jsx
2:06:40 AM [vite] (client) hmr update /src/index.css, /src/components/FeedbackPanel.jsx
2:08:37 AM [vite] (client) hmr update /src/index.css, /src/components/FeedbackPanel.jsx
2:08:53 AM [vite] (client) hmr update /src/index.css, /src/components/FeedbackPanel.jsx
2:11:48 AM [vite] (client) hmr update /src/index.css, /src/components/FeedbackPanel.jsx
2:12:08 AM [vite] (client) hmr update /src/index.css, /src/components/FeedbackPanel.jsx
2:12:17 AM [vite] (client) hmr update /src/index.css, /src/components/FeedbackPanel.jsx
2:14:05 AM [vite] (client) hmr update /src/index.css, /src/components/FeedbackPanel.jsx
2:14:11 AM [vite] (client) hmr update /src/index.css, /src/components/FeedbackPanel.jsx
2:14:29 AM [vite] (client) hmr update /src/index.css, /src/components/FeedbackPanel.jsx
2:14:36 AM [vite] (client) hmr update /src/index.css, /src/components/FeedbackPanel.jsx
2:14:57 AM [vite] (client) hmr update /src/index.css, /src/components/FeedbackPanel.jsx
2:15:04 AM [vite] (client) hmr update /src/index.css, /src/components/FeedbackPanel.jsx
2:15:48 AM [vite] (client) hmr update /src/index.css, /src/components/FeedbackPanel.jsx
2:15:58 AM [vite] (client) hmr update /src/index.css, /src/components/FeedbackPanel.jsx
2:16:08 AM [vite] (client) hmr update /src/index.css, /src/components/FeedbackPanel.jsx
